2/26/2015 21:48:13	C:\Users\sbjarna\Documents\Projects\ASR5500\Phase5\Automation\AutoCIQ\CIQ\ did not exists so I created it
2/26/2015 21:48:19	Parsing DCPCF002
2/26/2015 21:48:19	Updating template and saving 
2/26/2015 21:48:19	Updating change log
2/26/2015 21:48:19	Saving 
2/26/2015 21:48:20	Done Next one ... 
2/26/2015 21:48:20	Parsing CRPCF003
2/26/2015 21:48:20	Updating template and saving 
2/26/2015 21:48:20	Updating change log
2/26/2015 21:48:20	Saving 
2/26/2015 21:48:21	Done Next one ... 
2/26/2015 21:48:21	Parsing CRPCF004
2/26/2015 21:48:21	Updating template and saving 
2/26/2015 21:48:21	Updating change log
2/26/2015 21:48:21	Saving 
2/26/2015 21:48:22	Done Next one ... 
2/26/2015 21:48:22	Parsing DAPCF004
2/26/2015 21:48:22	Updating template and saving 
2/26/2015 21:48:22	Updating change log
2/26/2015 21:48:22	Saving 
2/26/2015 21:48:23	Done Next one ... 
2/26/2015 21:48:23	Parsing DAPCF005
2/26/2015 21:48:23	Updating template and saving 
2/26/2015 21:48:23	Updating change log
2/26/2015 21:48:23	Saving 
2/26/2015 21:48:24	Done Next one ... 
2/26/2015 21:48:24	Parsing DEPCF003
2/26/2015 21:48:24	Updating template and saving 
2/26/2015 21:48:24	Updating change log
2/26/2015 21:48:24	Saving 
2/26/2015 21:48:26	Done Next one ... 
2/26/2015 21:48:26	Parsing CHPCF004
2/26/2015 21:48:26	Updating template and saving 
2/26/2015 21:48:26	Updating change log
2/26/2015 21:48:26	Saving 
2/26/2015 21:48:26	Done Next one ... 
2/26/2015 21:48:27	Parsing CHPCF005
2/26/2015 21:48:27	Updating template and saving 
2/26/2015 21:48:27	Updating change log
2/26/2015 21:48:27	Saving 
2/26/2015 21:48:27	Done Next one ... 
2/26/2015 21:48:27	Parsing HNPCF003
2/26/2015 21:48:27	Updating template and saving 
2/26/2015 21:48:28	Updating change log
2/26/2015 21:48:28	Saving 
2/26/2015 21:48:28	Done Next one ... 
2/26/2015 21:48:28	Parsing LAPCF008
2/26/2015 21:48:28	Updating template and saving 
2/26/2015 21:48:28	Updating change log
2/26/2015 21:48:28	Saving 
2/26/2015 21:48:29	Done Next one ... 
2/26/2015 21:48:29	Parsing LAPCF009
2/26/2015 21:48:29	Updating template and saving 
2/26/2015 21:48:29	Updating change log
2/26/2015 21:48:29	Saving 
2/26/2015 21:48:30	Done Next one ... 
2/26/2015 21:48:30	Parsing VGPCF002
2/26/2015 21:48:30	Updating template and saving 
2/26/2015 21:48:31	Updating change log
2/26/2015 21:48:31	Saving 
2/26/2015 21:48:31	Done Next one ... 
2/26/2015 21:48:32	Parsing VGPCF003
2/26/2015 21:48:32	Updating template and saving 
2/26/2015 21:48:32	Updating change log
2/26/2015 21:48:32	Saving 
2/26/2015 21:48:33	Done Next one ... 
2/26/2015 21:48:33	Parsing NEPCF002
2/26/2015 21:48:33	Updating template and saving 
2/26/2015 21:48:33	Updating change log
2/26/2015 21:48:33	Saving 
2/26/2015 21:48:34	Done Next one ... 
2/26/2015 21:48:34	Parsing NVPCF003
2/26/2015 21:48:34	Updating template and saving 
2/26/2015 21:48:34	Updating change log
2/26/2015 21:48:34	Saving 
2/26/2015 21:48:35	Done Next one ... 
2/26/2015 21:48:35	Parsing ORPCF003
2/26/2015 21:48:35	Updating template and saving 
2/26/2015 21:48:35	Updating change log
2/26/2015 21:48:35	Saving 
2/26/2015 21:48:36	Done Next one ... 
2/26/2015 21:48:36	Parsing ORPCF004
2/26/2015 21:48:36	Updating template and saving 
2/26/2015 21:48:36	Updating change log
2/26/2015 21:48:36	Saving 
2/26/2015 21:48:37	Done Next one ... 
2/26/2015 21:48:37	Parsing PHPCF004
2/26/2015 21:48:37	Updating template and saving 
2/26/2015 21:48:37	Updating change log
2/26/2015 21:48:37	Saving 
2/26/2015 21:48:38	Done Next one ... 
2/26/2015 21:48:38	Parsing SEPCF006
2/26/2015 21:48:38	Updating template and saving 
2/26/2015 21:48:38	Updating change log
2/26/2015 21:48:38	Saving 
2/26/2015 21:48:39	Done Next one ... 
2/26/2015 21:48:39	Parsing SEPCF007
2/26/2015 21:48:39	Updating template and saving 
2/26/2015 21:48:39	Updating change log
2/26/2015 21:48:39	Saving 
2/26/2015 21:48:40	Done Next one ... 
2/26/2015 21:48:40	Parsing LAPCF006
2/26/2015 21:48:40	Updating template and saving 
2/26/2015 21:48:40	Updating change log
2/26/2015 21:48:40	Saving 
2/26/2015 21:48:41	Done Next one ... 
2/26/2015 21:48:41	Parsing LAPCF007
2/26/2015 21:48:41	Updating template and saving 
2/26/2015 21:48:41	Updating change log
2/26/2015 21:48:41	Saving 
2/26/2015 21:48:42	Done Next one ... 
2/26/2015 21:48:43	Parsing NYPCF007
2/26/2015 21:48:43	Updating template and saving 
2/26/2015 21:48:43	Updating change log
2/26/2015 21:48:43	Saving 
2/26/2015 21:48:44	Done Next one ... 
2/26/2015 21:48:44	Parsing NYPCF008
2/26/2015 21:48:44	Updating template and saving 
2/26/2015 21:48:44	Updating change log
2/26/2015 21:48:44	Saving 
2/26/2015 21:48:45	Done Next one ... 
2/26/2015 21:48:45	Parsing NYPCF009
2/26/2015 21:48:45	Updating template and saving 
2/26/2015 21:48:45	Updating change log
2/26/2015 21:48:45	Saving 
2/26/2015 21:48:46	Done Next one ... 
2/26/2015 21:48:46	Done. CIQ's can be found in C:\Users\sbjarna\Documents\Projects\ASR5500\Phase5\Automation\AutoCIQ\CIQ\
