4/17/2015 11:49:36	Parsing SFMME000
4/17/2015 11:49:36	Updating IP Tab
4/17/2015 11:49:37	Updating Traffica Tab
4/17/2015 11:49:37	Updating change log
4/17/2015 11:49:37	Saving 
4/17/2015 11:49:37	Create CSV folder if needed
4/17/2015 11:49:37	C:\LTE\2015Q1\CIQ\UploadCSVs\ did not exists so I created it
4/17/2015 11:49:37	Saving Cable testing CSV file
4/17/2015 11:49:38	Saving HPNA Automation CSV file
4/17/2015 11:49:38	Saving IP Control Subnets CSV file
4/17/2015 11:49:38	Saving IP Control Host IP CSV file
4/17/2015 11:49:38	Done Next one ... 
4/17/2015 11:49:38	Parsing SFMME001
4/17/2015 11:49:38	Updating IP Tab
4/17/2015 11:49:38	Updating Traffica Tab
4/17/2015 11:49:39	Updating change log
4/17/2015 11:49:39	Saving 
4/17/2015 11:49:39	Create CSV folder if needed
4/17/2015 11:49:39	Saving Cable testing CSV file
4/17/2015 11:49:39	Saving HPNA Automation CSV file
4/17/2015 11:49:39	Saving IP Control Subnets CSV file
4/17/2015 11:49:40	Saving IP Control Host IP CSV file
4/17/2015 11:49:40	Done Next one ... 
4/17/2015 11:49:40	Parsing CTMME000
4/17/2015 11:49:40	Updating IP Tab
4/17/2015 11:49:40	Updating Traffica Tab
4/17/2015 11:49:40	Updating change log
4/17/2015 11:49:41	Saving 
4/17/2015 11:49:41	Create CSV folder if needed
4/17/2015 11:49:41	Saving Cable testing CSV file
4/17/2015 11:49:41	Saving HPNA Automation CSV file
4/17/2015 11:49:41	Saving IP Control Subnets CSV file
4/17/2015 11:49:42	Saving IP Control Host IP CSV file
4/17/2015 11:49:42	Done Next one ... 
4/17/2015 11:49:42	Parsing CTMME001
4/17/2015 11:49:42	Updating IP Tab
4/17/2015 11:49:42	Updating Traffica Tab
4/17/2015 11:49:42	Updating change log
4/17/2015 11:49:42	Saving 
4/17/2015 11:49:43	Create CSV folder if needed
4/17/2015 11:49:43	Saving Cable testing CSV file
4/17/2015 11:49:43	Saving HPNA Automation CSV file
4/17/2015 11:49:44	Saving IP Control Subnets CSV file
4/17/2015 11:49:44	Saving IP Control Host IP CSV file
4/17/2015 11:49:44	Done Next one ... 
4/17/2015 11:49:44	Parsing PHMME001
4/17/2015 11:49:44	Updating IP Tab
4/17/2015 11:49:45	Updating Traffica Tab
4/17/2015 11:49:45	Updating change log
4/17/2015 11:49:45	Saving 
4/17/2015 11:49:45	Create CSV folder if needed
4/17/2015 11:49:45	Saving Cable testing CSV file
4/17/2015 11:49:45	Saving HPNA Automation CSV file
4/17/2015 11:49:45	Saving IP Control Subnets CSV file
4/17/2015 11:49:45	Saving IP Control Host IP CSV file
4/17/2015 11:49:46	Done Next one ... 
4/17/2015 11:49:46	Parsing PHMME002
4/17/2015 11:49:46	Updating IP Tab
4/17/2015 11:49:46	Updating Traffica Tab
4/17/2015 11:49:46	Updating change log
4/17/2015 11:49:46	Saving 
4/17/2015 11:49:47	Create CSV folder if needed
4/17/2015 11:49:47	Saving Cable testing CSV file
4/17/2015 11:49:48	Saving HPNA Automation CSV file
4/17/2015 11:49:48	Saving IP Control Subnets CSV file
4/17/2015 11:49:48	Saving IP Control Host IP CSV file
4/17/2015 11:49:48	Done Next one ... 
4/17/2015 11:49:48	Parsing SVMME000
4/17/2015 11:49:48	Updating IP Tab
4/17/2015 11:49:48	Updating Traffica Tab
4/17/2015 11:49:48	Updating change log
4/17/2015 11:49:48	Saving 
4/17/2015 11:49:49	Create CSV folder if needed
4/17/2015 11:49:49	Saving Cable testing CSV file
4/17/2015 11:49:49	Saving HPNA Automation CSV file
4/17/2015 11:49:49	Saving IP Control Subnets CSV file
4/17/2015 11:49:49	Saving IP Control Host IP CSV file
4/17/2015 11:49:50	Done Next one ... 
4/17/2015 11:49:50	Parsing SVMME001
4/17/2015 11:49:50	Updating IP Tab
4/17/2015 11:49:50	Updating Traffica Tab
4/17/2015 11:49:50	Updating change log
4/17/2015 11:49:50	Saving 
4/17/2015 11:49:51	Create CSV folder if needed
4/17/2015 11:49:51	Saving Cable testing CSV file
4/17/2015 11:49:51	Saving HPNA Automation CSV file
4/17/2015 11:49:51	Saving IP Control Subnets CSV file
4/17/2015 11:49:51	Saving IP Control Host IP CSV file
4/17/2015 11:49:51	Done Next one ... 
4/17/2015 11:49:51	Parsing NYMME002
4/17/2015 11:49:51	Updating IP Tab
4/17/2015 11:49:52	Updating Traffica Tab
4/17/2015 11:49:52	Updating change log
4/17/2015 11:49:52	Saving 
4/17/2015 11:49:52	Create CSV folder if needed
4/17/2015 11:49:52	Saving Cable testing CSV file
4/17/2015 11:49:53	Saving HPNA Automation CSV file
4/17/2015 11:49:53	Saving IP Control Subnets CSV file
4/17/2015 11:49:53	Saving IP Control Host IP CSV file
4/17/2015 11:49:53	Done Next one ... 
4/17/2015 11:49:53	Parsing SPMME000
4/17/2015 11:49:53	Updating IP Tab
4/17/2015 11:49:53	Updating Traffica Tab
4/17/2015 11:49:53	Updating change log
4/17/2015 11:49:53	Saving 
4/17/2015 11:49:54	Create CSV folder if needed
4/17/2015 11:49:54	Saving Cable testing CSV file
4/17/2015 11:49:54	Saving HPNA Automation CSV file
4/17/2015 11:49:54	Saving IP Control Subnets CSV file
4/17/2015 11:49:55	Saving IP Control Host IP CSV file
4/17/2015 11:49:55	Done Next one ... 
4/17/2015 11:49:55	Parsing NJMME001
4/17/2015 11:49:55	Updating IP Tab
4/17/2015 11:49:55	Updating Traffica Tab
4/17/2015 11:49:55	Updating change log
4/17/2015 11:49:55	Saving 
4/17/2015 11:49:56	Create CSV folder if needed
4/17/2015 11:49:56	Saving Cable testing CSV file
4/17/2015 11:49:56	Saving HPNA Automation CSV file
4/17/2015 11:49:56	Saving IP Control Subnets CSV file
4/17/2015 11:49:57	Saving IP Control Host IP CSV file
4/17/2015 11:49:57	Done Next one ... 
4/17/2015 11:49:57	Parsing LVMME000
4/17/2015 11:49:57	Updating IP Tab
4/17/2015 11:49:57	Updating Traffica Tab
4/17/2015 11:49:57	Updating change log
4/17/2015 11:49:57	Saving 
4/17/2015 11:49:58	Create CSV folder if needed
4/17/2015 11:49:58	Saving Cable testing CSV file
4/17/2015 11:49:58	Saving HPNA Automation CSV file
4/17/2015 11:49:58	Saving IP Control Subnets CSV file
4/17/2015 11:49:59	Saving IP Control Host IP CSV file
4/17/2015 11:49:59	Done Next one ... 
4/17/2015 11:49:59	Parsing ATMME002
4/17/2015 11:49:59	Updating IP Tab
4/17/2015 11:49:59	Updating Traffica Tab
4/17/2015 11:49:59	Updating change log
4/17/2015 11:49:59	Saving 
4/17/2015 11:50:01	Create CSV folder if needed
4/17/2015 11:50:01	Saving Cable testing CSV file
4/17/2015 11:50:01	Saving HPNA Automation CSV file
4/17/2015 11:50:01	Saving IP Control Subnets CSV file
4/17/2015 11:50:01	Saving IP Control Host IP CSV file
4/17/2015 11:50:01	Done Next one ... 
4/17/2015 11:50:01	Parsing DEMME001
4/17/2015 11:50:01	Updating IP Tab
4/17/2015 11:50:02	Updating Traffica Tab
4/17/2015 11:50:02	Updating change log
4/17/2015 11:50:02	Saving 
4/17/2015 11:50:03	Create CSV folder if needed
4/17/2015 11:50:03	Saving Cable testing CSV file
4/17/2015 11:50:03	Saving HPNA Automation CSV file
4/17/2015 11:50:03	Saving IP Control Subnets CSV file
4/17/2015 11:50:03	Saving IP Control Host IP CSV file
4/17/2015 11:50:03	Done Next one ... 
4/17/2015 11:50:03	Parsing CHMME001
4/17/2015 11:50:03	Updating IP Tab
4/17/2015 11:50:04	Updating Traffica Tab
4/17/2015 11:50:04	Updating change log
4/17/2015 11:50:04	Saving 
4/17/2015 11:50:05	Create CSV folder if needed
4/17/2015 11:50:05	Saving Cable testing CSV file
4/17/2015 11:50:05	Saving HPNA Automation CSV file
4/17/2015 11:50:05	Saving IP Control Subnets CSV file
4/17/2015 11:50:05	Saving IP Control Host IP CSV file
4/17/2015 11:50:05	Done Next one ... 
4/17/2015 11:50:05	Parsing LAMME001
4/17/2015 11:50:05	Updating IP Tab
4/17/2015 11:50:06	Updating Traffica Tab
4/17/2015 11:50:06	Updating change log
4/17/2015 11:50:06	Saving 
4/17/2015 11:50:07	Create CSV folder if needed
4/17/2015 11:50:07	Saving Cable testing CSV file
4/17/2015 11:50:07	Saving HPNA Automation CSV file
4/17/2015 11:50:07	Saving IP Control Subnets CSV file
4/17/2015 11:50:07	Saving IP Control Host IP CSV file
4/17/2015 11:50:07	Done Next one ... 
4/17/2015 11:50:07	Parsing VGMME001
4/17/2015 11:50:07	Updating IP Tab
4/17/2015 11:50:08	Updating Traffica Tab
4/17/2015 11:50:08	Updating change log
4/17/2015 11:50:08	Saving 
4/17/2015 11:50:08	Create CSV folder if needed
4/17/2015 11:50:08	Saving Cable testing CSV file
4/17/2015 11:50:08	Saving HPNA Automation CSV file
4/17/2015 11:50:09	Saving IP Control Subnets CSV file
4/17/2015 11:50:09	Saving IP Control Host IP CSV file
4/17/2015 11:50:09	Done Next one ... 
4/17/2015 11:50:09	Parsing VGMME002
4/17/2015 11:50:09	Updating IP Tab
4/17/2015 11:50:09	Updating Traffica Tab
4/17/2015 11:50:09	Updating change log
4/17/2015 11:50:09	Saving 
4/17/2015 11:50:10	Create CSV folder if needed
4/17/2015 11:50:10	Saving Cable testing CSV file
4/17/2015 11:50:10	Saving HPNA Automation CSV file
4/17/2015 11:50:10	Saving IP Control Subnets CSV file
4/17/2015 11:50:10	Saving IP Control Host IP CSV file
4/17/2015 11:50:11	Done Next one ... 
4/17/2015 11:50:11	Parsing MNMME001
4/17/2015 11:50:11	Updating IP Tab
4/17/2015 11:50:11	Updating Traffica Tab
4/17/2015 11:50:11	Updating change log
4/17/2015 11:50:11	Saving 
4/17/2015 11:50:12	Create CSV folder if needed
4/17/2015 11:50:12	Saving Cable testing CSV file
4/17/2015 11:50:12	Saving HPNA Automation CSV file
4/17/2015 11:50:12	Saving IP Control Subnets CSV file
4/17/2015 11:50:13	Saving IP Control Host IP CSV file
4/17/2015 11:50:13	Done Next one ... 
4/17/2015 11:50:13	Parsing IEMME002
4/17/2015 11:50:13	Updating IP Tab
4/17/2015 11:50:13	Updating Traffica Tab
4/17/2015 11:50:13	Updating change log
4/17/2015 11:50:13	Saving 
4/17/2015 11:50:14	Create CSV folder if needed
4/17/2015 11:50:14	Saving Cable testing CSV file
4/17/2015 11:50:14	Saving HPNA Automation CSV file
4/17/2015 11:50:14	Saving IP Control Subnets CSV file
4/17/2015 11:50:15	Saving IP Control Host IP CSV file
4/17/2015 11:50:15	Done Next one ... 
4/17/2015 11:50:15	Parsing NVMME000
4/17/2015 11:50:15	Updating IP Tab
4/17/2015 11:50:16	Updating Traffica Tab
4/17/2015 11:50:16	Updating change log
4/17/2015 11:50:16	Saving 
4/17/2015 11:50:17	Create CSV folder if needed
4/17/2015 11:50:17	Saving Cable testing CSV file
4/17/2015 11:50:17	Saving HPNA Automation CSV file
4/17/2015 11:50:17	Saving IP Control Subnets CSV file
4/17/2015 11:50:18	Saving IP Control Host IP CSV file
4/17/2015 11:50:18	Done Next one ... 
4/17/2015 11:50:18	Parsing JVMME000
4/17/2015 11:50:18	Updating IP Tab
4/17/2015 11:50:18	Updating Traffica Tab
4/17/2015 11:50:18	Updating change log
4/17/2015 11:50:18	Saving 
4/17/2015 11:50:19	Create CSV folder if needed
4/17/2015 11:50:19	Saving Cable testing CSV file
4/17/2015 11:50:19	Saving HPNA Automation CSV file
4/17/2015 11:50:20	Saving IP Control Subnets CSV file
4/17/2015 11:50:20	Saving IP Control Host IP CSV file
4/17/2015 11:50:20	Done Next one ... 
4/17/2015 11:50:20	Parsing JVMME001
4/17/2015 11:50:20	Updating IP Tab
4/17/2015 11:50:20	Updating Traffica Tab
4/17/2015 11:50:20	Updating change log
4/17/2015 11:50:20	Saving 
4/17/2015 11:50:22	Create CSV folder if needed
4/17/2015 11:50:22	Saving Cable testing CSV file
4/17/2015 11:50:22	Saving HPNA Automation CSV file
4/17/2015 11:50:22	Saving IP Control Subnets CSV file
4/17/2015 11:50:22	Saving IP Control Host IP CSV file
4/17/2015 11:50:23	Done Next one ... 
4/17/2015 11:50:23	Parsing AUMME001
4/17/2015 11:50:23	Updating IP Tab
4/17/2015 11:50:23	Updating Traffica Tab
4/17/2015 11:50:23	Updating change log
4/17/2015 11:50:23	Saving 
4/17/2015 11:50:24	Create CSV folder if needed
4/17/2015 11:50:24	Saving Cable testing CSV file
4/17/2015 11:50:24	Saving HPNA Automation CSV file
4/17/2015 11:50:24	Saving IP Control Subnets CSV file
4/17/2015 11:50:24	Saving IP Control Host IP CSV file
4/17/2015 11:50:25	Done Next one ... 
4/17/2015 11:50:25	Parsing FLMME000
4/17/2015 11:50:25	Updating IP Tab
4/17/2015 11:50:25	Updating Traffica Tab
4/17/2015 11:50:25	Updating change log
4/17/2015 11:50:25	Saving 
4/17/2015 11:50:26	Create CSV folder if needed
4/17/2015 11:50:26	Saving Cable testing CSV file
4/17/2015 11:50:26	Saving HPNA Automation CSV file
4/17/2015 11:50:26	Saving IP Control Subnets CSV file
4/17/2015 11:50:26	Saving IP Control Host IP CSV file
4/17/2015 11:50:26	Done Next one ... 
4/17/2015 11:50:26	Parsing FLMME001
4/17/2015 11:50:26	Updating IP Tab
4/17/2015 11:50:27	Updating Traffica Tab
4/17/2015 11:50:27	Updating change log
4/17/2015 11:50:27	Saving 
4/17/2015 11:50:28	Create CSV folder if needed
4/17/2015 11:50:28	Saving Cable testing CSV file
4/17/2015 11:50:28	Saving HPNA Automation CSV file
4/17/2015 11:50:28	Saving IP Control Subnets CSV file
4/17/2015 11:50:28	Saving IP Control Host IP CSV file
4/17/2015 11:50:29	Done Next one ... 
4/17/2015 11:50:29	Parsing DAMME002
4/17/2015 11:50:29	Updating IP Tab
4/17/2015 11:50:29	Updating Traffica Tab
4/17/2015 11:50:29	Updating change log
4/17/2015 11:50:29	Saving 
4/17/2015 11:50:30	Create CSV folder if needed
4/17/2015 11:50:30	Saving Cable testing CSV file
4/17/2015 11:50:31	Saving HPNA Automation CSV file
4/17/2015 11:50:31	Saving IP Control Subnets CSV file
4/17/2015 11:50:31	Saving IP Control Host IP CSV file
4/17/2015 11:50:31	Done Next one ... 
4/17/2015 11:50:31	Parsing HNMME002
4/17/2015 11:50:31	Updating IP Tab
4/17/2015 11:50:32	Updating Traffica Tab
4/17/2015 11:50:32	Updating change log
4/17/2015 11:50:32	Saving 
4/17/2015 11:50:33	Create CSV folder if needed
4/17/2015 11:50:33	Saving Cable testing CSV file
4/17/2015 11:50:33	Saving HPNA Automation CSV file
4/17/2015 11:50:33	Saving IP Control Subnets CSV file
4/17/2015 11:50:33	Saving IP Control Host IP CSV file
4/17/2015 11:50:33	Done Next one ... 
4/17/2015 11:50:34	Done. CIQ's can be found in C:\LTE\2015Q1\CIQ\
4/17/2015 11:50:34	Creating a combined CSV Files
4/17/2015 11:50:34	C:\LTE\2015Q1\CIQ\UploadCSVs\ATMME002_ChildBlocks.csv
4/17/2015 11:50:34	C:\LTE\2015Q1\CIQ\UploadCSVs\AUMME001_ChildBlocks.csv
4/17/2015 11:50:34	C:\LTE\2015Q1\CIQ\UploadCSVs\CHMME001_ChildBlocks.csv
4/17/2015 11:50:34	C:\LTE\2015Q1\CIQ\UploadCSVs\CTMME000_ChildBlocks.csv
4/17/2015 11:50:34	C:\LTE\2015Q1\CIQ\UploadCSVs\CTMME001_ChildBlocks.csv
4/17/2015 11:50:34	C:\LTE\2015Q1\CIQ\UploadCSVs\DAMME002_ChildBlocks.csv
4/17/2015 11:50:34	C:\LTE\2015Q1\CIQ\UploadCSVs\DEMME001_ChildBlocks.csv
4/17/2015 11:50:34	C:\LTE\2015Q1\CIQ\UploadCSVs\FLMME000_ChildBlocks.csv
4/17/2015 11:50:34	C:\LTE\2015Q1\CIQ\UploadCSVs\FLMME001_ChildBlocks.csv
4/17/2015 11:50:34	C:\LTE\2015Q1\CIQ\UploadCSVs\HNMME002_ChildBlocks.csv
4/17/2015 11:50:34	C:\LTE\2015Q1\CIQ\UploadCSVs\IEMME002_ChildBlocks.csv
4/17/2015 11:50:34	C:\LTE\2015Q1\CIQ\UploadCSVs\JVMME000_ChildBlocks.csv
4/17/2015 11:50:34	C:\LTE\2015Q1\CIQ\UploadCSVs\JVMME001_ChildBlocks.csv
4/17/2015 11:50:34	C:\LTE\2015Q1\CIQ\UploadCSVs\LAMME001_ChildBlocks.csv
4/17/2015 11:50:34	C:\LTE\2015Q1\CIQ\UploadCSVs\LVMME000_ChildBlocks.csv
4/17/2015 11:50:34	C:\LTE\2015Q1\CIQ\UploadCSVs\MNMME001_ChildBlocks.csv
4/17/2015 11:50:34	C:\LTE\2015Q1\CIQ\UploadCSVs\NJMME001_ChildBlocks.csv
4/17/2015 11:50:34	C:\LTE\2015Q1\CIQ\UploadCSVs\NVMME000_ChildBlocks.csv
4/17/2015 11:50:34	C:\LTE\2015Q1\CIQ\UploadCSVs\NYMME002_ChildBlocks.csv
4/17/2015 11:50:34	C:\LTE\2015Q1\CIQ\UploadCSVs\PHMME001_ChildBlocks.csv
4/17/2015 11:50:34	C:\LTE\2015Q1\CIQ\UploadCSVs\PHMME002_ChildBlocks.csv
4/17/2015 11:50:34	C:\LTE\2015Q1\CIQ\UploadCSVs\SFMME000_ChildBlocks.csv
4/17/2015 11:50:34	C:\LTE\2015Q1\CIQ\UploadCSVs\SFMME001_ChildBlocks.csv
4/17/2015 11:50:34	C:\LTE\2015Q1\CIQ\UploadCSVs\SPMME000_ChildBlocks.csv
4/17/2015 11:50:34	C:\LTE\2015Q1\CIQ\UploadCSVs\SVMME000_ChildBlocks.csv
4/17/2015 11:50:34	C:\LTE\2015Q1\CIQ\UploadCSVs\SVMME001_ChildBlocks.csv
4/17/2015 11:50:34	C:\LTE\2015Q1\CIQ\UploadCSVs\VGMME001_ChildBlocks.csv
4/17/2015 11:50:34	C:\LTE\2015Q1\CIQ\UploadCSVs\VGMME002_ChildBlocks.csv
4/17/2015 11:50:34	        1 file(s) copied.
4/17/2015 11:50:34	C:\LTE\2015Q1\CIQ\UploadCSVs\ATMME002_Device.csv
4/17/2015 11:50:34	C:\LTE\2015Q1\CIQ\UploadCSVs\AUMME001_Device.csv
4/17/2015 11:50:34	C:\LTE\2015Q1\CIQ\UploadCSVs\CHMME001_Device.csv
4/17/2015 11:50:34	C:\LTE\2015Q1\CIQ\UploadCSVs\CTMME000_Device.csv
4/17/2015 11:50:34	C:\LTE\2015Q1\CIQ\UploadCSVs\CTMME001_Device.csv
4/17/2015 11:50:34	C:\LTE\2015Q1\CIQ\UploadCSVs\DAMME002_Device.csv
4/17/2015 11:50:34	C:\LTE\2015Q1\CIQ\UploadCSVs\DEMME001_Device.csv
4/17/2015 11:50:34	C:\LTE\2015Q1\CIQ\UploadCSVs\FLMME000_Device.csv
4/17/2015 11:50:34	C:\LTE\2015Q1\CIQ\UploadCSVs\FLMME001_Device.csv
4/17/2015 11:50:34	C:\LTE\2015Q1\CIQ\UploadCSVs\HNMME002_Device.csv
4/17/2015 11:50:34	C:\LTE\2015Q1\CIQ\UploadCSVs\IEMME002_Device.csv
4/17/2015 11:50:34	C:\LTE\2015Q1\CIQ\UploadCSVs\JVMME000_Device.csv
4/17/2015 11:50:34	C:\LTE\2015Q1\CIQ\UploadCSVs\JVMME001_Device.csv
4/17/2015 11:50:34	C:\LTE\2015Q1\CIQ\UploadCSVs\LAMME001_Device.csv
4/17/2015 11:50:34	C:\LTE\2015Q1\CIQ\UploadCSVs\LVMME000_Device.csv
4/17/2015 11:50:34	C:\LTE\2015Q1\CIQ\UploadCSVs\MNMME001_Device.csv
4/17/2015 11:50:34	C:\LTE\2015Q1\CIQ\UploadCSVs\NJMME001_Device.csv
4/17/2015 11:50:34	C:\LTE\2015Q1\CIQ\UploadCSVs\NVMME000_Device.csv
4/17/2015 11:50:34	C:\LTE\2015Q1\CIQ\UploadCSVs\NYMME002_Device.csv
4/17/2015 11:50:34	C:\LTE\2015Q1\CIQ\UploadCSVs\PHMME001_Device.csv
4/17/2015 11:50:34	C:\LTE\2015Q1\CIQ\UploadCSVs\PHMME002_Device.csv
4/17/2015 11:50:34	C:\LTE\2015Q1\CIQ\UploadCSVs\SFMME000_Device.csv
4/17/2015 11:50:34	C:\LTE\2015Q1\CIQ\UploadCSVs\SFMME001_Device.csv
4/17/2015 11:50:34	C:\LTE\2015Q1\CIQ\UploadCSVs\SPMME000_Device.csv
4/17/2015 11:50:34	C:\LTE\2015Q1\CIQ\UploadCSVs\SVMME000_Device.csv
4/17/2015 11:50:34	C:\LTE\2015Q1\CIQ\UploadCSVs\SVMME001_Device.csv
4/17/2015 11:50:34	C:\LTE\2015Q1\CIQ\UploadCSVs\VGMME001_Device.csv
4/17/2015 11:50:34	C:\LTE\2015Q1\CIQ\UploadCSVs\VGMME002_Device.csv
4/17/2015 11:50:34	        1 file(s) copied.
4/17/2015 11:50:34	C:\LTE\2015Q1\CIQ\UploadCSVs\ATMME002_CableTest.csv
4/17/2015 11:50:34	C:\LTE\2015Q1\CIQ\UploadCSVs\AUMME001_CableTest.csv
4/17/2015 11:50:34	C:\LTE\2015Q1\CIQ\UploadCSVs\CHMME001_CableTest.csv
4/17/2015 11:50:34	C:\LTE\2015Q1\CIQ\UploadCSVs\CTMME000_CableTest.csv
4/17/2015 11:50:34	C:\LTE\2015Q1\CIQ\UploadCSVs\CTMME001_CableTest.csv
4/17/2015 11:50:34	C:\LTE\2015Q1\CIQ\UploadCSVs\DAMME002_CableTest.csv
4/17/2015 11:50:34	C:\LTE\2015Q1\CIQ\UploadCSVs\DEMME001_CableTest.csv
4/17/2015 11:50:34	C:\LTE\2015Q1\CIQ\UploadCSVs\FLMME000_CableTest.csv
4/17/2015 11:50:34	C:\LTE\2015Q1\CIQ\UploadCSVs\FLMME001_CableTest.csv
4/17/2015 11:50:34	C:\LTE\2015Q1\CIQ\UploadCSVs\HNMME002_CableTest.csv
4/17/2015 11:50:34	C:\LTE\2015Q1\CIQ\UploadCSVs\IEMME002_CableTest.csv
4/17/2015 11:50:34	C:\LTE\2015Q1\CIQ\UploadCSVs\JVMME000_CableTest.csv
4/17/2015 11:50:34	C:\LTE\2015Q1\CIQ\UploadCSVs\JVMME001_CableTest.csv
4/17/2015 11:50:34	C:\LTE\2015Q1\CIQ\UploadCSVs\LAMME001_CableTest.csv
4/17/2015 11:50:34	C:\LTE\2015Q1\CIQ\UploadCSVs\LVMME000_CableTest.csv
4/17/2015 11:50:34	C:\LTE\2015Q1\CIQ\UploadCSVs\MNMME001_CableTest.csv
4/17/2015 11:50:34	C:\LTE\2015Q1\CIQ\UploadCSVs\NJMME001_CableTest.csv
4/17/2015 11:50:34	C:\LTE\2015Q1\CIQ\UploadCSVs\NVMME000_CableTest.csv
4/17/2015 11:50:34	C:\LTE\2015Q1\CIQ\UploadCSVs\NYMME002_CableTest.csv
4/17/2015 11:50:34	C:\LTE\2015Q1\CIQ\UploadCSVs\PHMME001_CableTest.csv
4/17/2015 11:50:34	C:\LTE\2015Q1\CIQ\UploadCSVs\PHMME002_CableTest.csv
4/17/2015 11:50:34	C:\LTE\2015Q1\CIQ\UploadCSVs\SFMME000_CableTest.csv
4/17/2015 11:50:34	C:\LTE\2015Q1\CIQ\UploadCSVs\SFMME001_CableTest.csv
4/17/2015 11:50:34	C:\LTE\2015Q1\CIQ\UploadCSVs\SPMME000_CableTest.csv
4/17/2015 11:50:34	C:\LTE\2015Q1\CIQ\UploadCSVs\SVMME000_CableTest.csv
4/17/2015 11:50:34	C:\LTE\2015Q1\CIQ\UploadCSVs\SVMME001_CableTest.csv
4/17/2015 11:50:34	C:\LTE\2015Q1\CIQ\UploadCSVs\VGMME001_CableTest.csv
4/17/2015 11:50:34	C:\LTE\2015Q1\CIQ\UploadCSVs\VGMME002_CableTest.csv
4/17/2015 11:50:34	        1 file(s) copied.
4/17/2015 11:50:34	Done with combining CSV's, nothing left but cleanup
